<?xml version="1.0" encoding="UTF-8"?>
<!-- Generated by org.testng.reporters.JUnitXMLReporter -->
<testsuite ignored="0" hostname="nazareno-MS-7C31" failures="0" tests="5" name="Github Tests" time="15.578" errors="0" timestamp="2024-02-08T16:25:16 ART">
  <testcase classname="com.solvd.automation.gui.WebGithubTest" name="validateWrongLoginAttemptTest" time="6.68"/>
  <testcase classname="com.solvd.automation.gui.WebGithubTest" name="validateWrongLoginAttemptTest" time="4.455"/>
  <testcase classname="com.solvd.automation.gui.WebGithubTest" name="verifySearchResultsTest" time="11.416"/>
  <testcase classname="com.solvd.automation.gui.WebGithubTest" name="verifyRegisterProcessTest" time="12.366"/>
  <testcase classname="com.solvd.automation.gui.WebGithubTest" name="validateWrongLoginAttemptTest" time="4.064"/>
</testsuite> <!-- Github Tests -->
