<?xml version="1.0" encoding="UTF-8"?>
<!-- Generated by org.testng.reporters.JUnitXMLReporter -->
<testsuite ignored="0" hostname="nazareno-MS-7C31" failures="2" tests="2" name="Carina Demo Tests" time="38.013" errors="0" timestamp="2024-02-11T19:33:53 ART">
  <testcase classname="com.solvd.automation.gui.mobile.MobileCarinaDemoTest" name="loginTest" time="17.165">
    <failure type="org.openqa.selenium.WebDriverException" message="An unknown server-side error occurred while processing the command. Original error: &amp;apos;POST /element&amp;apos; cannot be proxied to UiAutomator2 server because the instrumentation process is not running (probably crashed). Check the server log and/or the logcat output for more details
Build info: version: &amp;apos;4.7.0&amp;apos;, revision: &amp;apos;0a5b49d16f&amp;apos;
System info: os.name: &amp;apos;Linux&amp;apos;, os.arch: &amp;apos;amd64&amp;apos;, os.version: &amp;apos;6.5.0-17-generic&amp;apos;, java.version: &amp;apos;11.0.21&amp;apos;
Driver info: io.appium.java_client.android.AndroidDriver
Command: [2b77f875-9032-441b-98b8-e944041d1804, findElement {using=id, value=next_button}]
Capabilities {appium:app: /home/nazareno/dev/test-aut..., appium:appActivity: com.swaglabsmobileapp.MainA..., appium:appPackage: com.swaglabsmobileapp, appium:automationName: uiautomator2, appium:databaseEnabled: false, appium:desired: {app: /home/nazareno/dev/test-aut..., appActivity: com.swaglabsmobileapp.MainA..., automationName: uiautomator2, deviceName: device, deviceType: phone, language: en, locale: US, platformName: android, platformVersion: 14.0, udid: emulator-5554}, appium:deviceApiLevel: 34, appium:deviceManufacturer: Google, appium:deviceModel: sdk_gphone64_x86_64, appium:deviceName: emulator-5554, appium:deviceScreenDensity: 440, appium:deviceScreenSize: 1080x2220, appium:deviceType: phone, appium:deviceUDID: emulator-5554, appium:javascriptEnabled: true, appium:language: en, appium:locale: US, appium:locationContextEnabled: false, appium:networkConnectionEnabled: true, appium:pixelRatio: 2.75, appium:platformVersion: 14, appium:statBarHeight: 66, appium:takesScreenshot: true, appium:udid: emulator-5554, appium:viewportRect: {height: 2154, left: 0, top: 66, width: 1080}, appium:warnings: {}, appium:webStorageEnabled: false, platformName: ANDROID}
Session ID: 2b77f875-9032-441b-98b8-e944041d1804">
      <![CDATA[org.openqa.selenium.WebDriverException: An unknown server-side error occurred while processing the command. Original error: 'POST /element' cannot be proxied to UiAutomator2 server because the instrumentation process is not running (probably crashed). Check the server log and/or the logcat output for more details
Build info: version: '4.7.0', revision: '0a5b49d16f'
System info: os.name: 'Linux', os.arch: 'amd64', os.version: '6.5.0-17-generic', java.version: '11.0.21'
Driver info: io.appium.java_client.android.AndroidDriver
Command: [2b77f875-9032-441b-98b8-e944041d1804, findElement {using=id, value=next_button}]
Capabilities {appium:app: /home/nazareno/dev/test-aut..., appium:appActivity: com.swaglabsmobileapp.MainA..., appium:appPackage: com.swaglabsmobileapp, appium:automationName: uiautomator2, appium:databaseEnabled: false, appium:desired: {app: /home/nazareno/dev/test-aut..., appActivity: com.swaglabsmobileapp.MainA..., automationName: uiautomator2, deviceName: device, deviceType: phone, language: en, locale: US, platformName: android, platformVersion: 14.0, udid: emulator-5554}, appium:deviceApiLevel: 34, appium:deviceManufacturer: Google, appium:deviceModel: sdk_gphone64_x86_64, appium:deviceName: emulator-5554, appium:deviceScreenDensity: 440, appium:deviceScreenSize: 1080x2220, appium:deviceType: phone, appium:deviceUDID: emulator-5554, appium:javascriptEnabled: true, appium:language: en, appium:locale: US, appium:locationContextEnabled: false, appium:networkConnectionEnabled: true, appium:pixelRatio: 2.75, appium:platformVersion: 14, appium:statBarHeight: 66, appium:takesScreenshot: true, appium:udid: emulator-5554, appium:viewportRect: {height: 2154, left: 0, top: 66, width: 1080}, appium:warnings: {}, appium:webStorageEnabled: false, platformName: ANDROID}
Session ID: 2b77f875-9032-441b-98b8-e944041d1804
at org.openqa.selenium.remote.codec.w3c.W3CHttpResponseCodec.createException(W3CHttpResponseCodec.java:200)
at org.openqa.selenium.remote.codec.w3c.W3CHttpResponseCodec.decode(W3CHttpResponseCodec.java:133)
at org.openqa.selenium.remote.codec.w3c.W3CHttpResponseCodec.decode(W3CHttpResponseCodec.java:53)
at org.openqa.selenium.remote.HttpCommandExecutor.execute(HttpCommandExecutor.java:184)
at io.appium.java_client.remote.AppiumCommandExecutor.execute(AppiumCommandExecutor.java:262)
at org.openqa.selenium.remote.RemoteWebDriver.execute(RemoteWebDriver.java:541)
at org.openqa.selenium.remote.ElementLocation$ElementFinder$2.findElement(ElementLocation.java:162)
at org.openqa.selenium.remote.ElementLocation.findElement(ElementLocation.java:66)
at org.openqa.selenium.remote.RemoteWebDriver.findElement(RemoteWebDriver.java:365)
at org.openqa.selenium.remote.RemoteWebDriver.findElement$original$JLk5kHEP(RemoteWebDriver.java:357)
at org.openqa.selenium.remote.RemoteWebDriver.findElement$original$JLk5kHEP$accessor$oMa19mCI(RemoteWebDriver.java)
at org.openqa.selenium.remote.RemoteWebDriver$auxiliary$4feLd5KE.call(Unknown Source)
at com.zebrunner.agent.core.webdriver.PublicMethodInvocationInterceptor.onPublicMethodInvocation(PublicMethodInvocationInterceptor.java:18)
at org.openqa.selenium.remote.RemoteWebDriver.findElement(RemoteWebDriver.java)
at io.appium.java_client.pagefactory.bys.ContentMappedBy.findElement(ContentMappedBy.java:50)
at org.openqa.selenium.remote.ElementLocation$ElementFinder$1.findElement(ElementLocation.java:136)
at org.openqa.selenium.remote.ElementLocation.findElement(ElementLocation.java:80)
at org.openqa.selenium.remote.RemoteWebDriver.findElement(RemoteWebDriver.java:365)
at org.openqa.selenium.remote.RemoteWebDriver.findElement$original$JLk5kHEP(RemoteWebDriver.java:357)
at org.openqa.selenium.remote.RemoteWebDriver.findElement$original$JLk5kHEP$accessor$oMa19mCI(RemoteWebDriver.java)
at org.openqa.selenium.remote.RemoteWebDriver$auxiliary$4feLd5KE.call(Unknown Source)
at com.zebrunner.agent.core.webdriver.PublicMethodInvocationInterceptor.onPublicMethodInvocation(PublicMethodInvocationInterceptor.java:18)
at org.openqa.selenium.remote.RemoteWebDriver.findElement(RemoteWebDriver.java)
at org.openqa.selenium.support.decorators.WebDriverDecorator.call(WebDriverDecorator.java:247)
at org.openqa.selenium.support.decorators.DefaultDecorated.call(DefaultDecorated.java:48)
at org.openqa.selenium.support.decorators.WebDriverDecorator.lambda$createProxy$0(WebDriverDecorator.java:309)
at net.bytebuddy.renamed.java.lang.Object$ByteBuddy$PwiF6jZa.findElement(Unknown Source)
at org.openqa.selenium.support.ui.ExpectedConditions$7.apply(ExpectedConditions.java:197)
at org.openqa.selenium.support.ui.ExpectedConditions$7.apply(ExpectedConditions.java:193)
at org.openqa.selenium.support.ui.ExpectedConditions$49.apply(ExpectedConditions.java:1411)
at org.openqa.selenium.support.ui.ExpectedConditions$49.apply(ExpectedConditions.java:1405)
at org.openqa.selenium.support.ui.FluentWait.until(FluentWait.java:208)
at com.zebrunner.carina.webdriver.decorator.ExtendedWebElement.waitUntil(ExtendedWebElement.java:273)
at com.zebrunner.carina.webdriver.decorator.ExtendedWebElement.isPresent(ExtendedWebElement.java:229)
at com.zebrunner.carina.webdriver.decorator.ExtendedWebElement.isPresent(ExtendedWebElement.java:216)
at com.zebrunner.carina.webdriver.decorator.ExtendedWebElement.isPresent(ExtendedWebElement.java:206)
at com.solvd.automation.gui.mobile.carinademo.android.WelcomePage.isNextButtonPresent(WelcomePage.java:28)
at com.solvd.automation.gui.mobile.MobileCarinaDemoTest.login(MobileCarinaDemoTest.java:52)
at com.solvd.automation.gui.mobile.MobileCarinaDemoTest.loginTest(MobileCarinaDemoTest.java:19)
at java.base/java.util.concurrent.ThreadPoolExecutor.runWorker(ThreadPoolExecutor.java:1128)
at java.base/java.util.concurrent.ThreadPoolExecutor$Worker.run(ThreadPoolExecutor.java:628)
at java.base/java.lang.Thread.run(Thread.java:829)
... Removed 20 stack frames]]>
    </failure>
  </testcase> <!-- loginTest -->
  <testcase classname="com.solvd.automation.gui.mobile.MobileCarinaDemoTest" name="uiElementsPageTest" time="37.957">
    <failure type="org.openqa.selenium.SessionNotCreatedException" message="Could not start a new session. Response code 500. Message: An unknown server-side error occurred while processing the command. Original error: Cannot start the &amp;apos;com.swaglabsmobileapp&amp;apos; application. Consider checking the driver&amp;apos;s troubleshooting documentation. Original error: &amp;apos;com.swaglabsmobileapp.MainActivity&amp;apos; or &amp;apos;com.swaglabsmobileapp.com.swaglabsmobileapp.MainActivity&amp;apos; never started. Consider checking the driver&amp;apos;s troubleshooting documentation. 
Host info: host: &amp;apos;nazareno-MS-7C31&amp;apos;, ip: &amp;apos;127.0.1.1&amp;apos;
Build info: version: &amp;apos;4.7.0&amp;apos;, revision: &amp;apos;0a5b49d16f&amp;apos;
System info: os.name: &amp;apos;Linux&amp;apos;, os.arch: &amp;apos;amd64&amp;apos;, os.version: &amp;apos;6.5.0-17-generic&amp;apos;, java.version: &amp;apos;11.0.21&amp;apos;
Driver info: io.appium.java_client.android.AndroidDriver
Command: [null, newSession {capabilities=[{appium:deviceType=phone, appium:udid=emulator-5554, appium:locale=US, appium:appActivity=com.swaglabsmobileapp.MainActivity, appium:language=en, appium:deviceName=device, platformName=ANDROID, appium:automationName=uiautomator2, appium:app=/home/nazareno/dev/test-automation-course/saucelabs.apk/saucelabs.apk, appium:platformVersion=14.0}], desiredCapabilities=Capabilities {appium:app: /home/nazareno/dev/test-aut..., appium:appActivity: com.swaglabsmobileapp.MainA..., appium:automationName: uiautomator2, appium:deviceName: device, appium:deviceType: phone, appium:language: en, appium:locale: US, appium:platformVersion: 14.0, appium:udid: emulator-5554, platformName: ANDROID}}]
Capabilities {}">
      <![CDATA[org.openqa.selenium.SessionNotCreatedException: Could not start a new session. Response code 500. Message: An unknown server-side error occurred while processing the command. Original error: Cannot start the 'com.swaglabsmobileapp' application. Consider checking the driver's troubleshooting documentation. Original error: 'com.swaglabsmobileapp.MainActivity' or 'com.swaglabsmobileapp.com.swaglabsmobileapp.MainActivity' never started. Consider checking the driver's troubleshooting documentation. 
Host info: host: 'nazareno-MS-7C31', ip: '127.0.1.1'
Build info: version: '4.7.0', revision: '0a5b49d16f'
System info: os.name: 'Linux', os.arch: 'amd64', os.version: '6.5.0-17-generic', java.version: '11.0.21'
Driver info: io.appium.java_client.android.AndroidDriver
Command: [null, newSession {capabilities=[{appium:deviceType=phone, appium:udid=emulator-5554, appium:locale=US, appium:appActivity=com.swaglabsmobileapp.MainActivity, appium:language=en, appium:deviceName=device, platformName=ANDROID, appium:automationName=uiautomator2, appium:app=/home/nazareno/dev/test-automation-course/saucelabs.apk/saucelabs.apk, appium:platformVersion=14.0}], desiredCapabilities=Capabilities {appium:app: /home/nazareno/dev/test-aut..., appium:appActivity: com.swaglabsmobileapp.MainA..., appium:automationName: uiautomator2, appium:deviceName: device, appium:deviceType: phone, appium:language: en, appium:locale: US, appium:platformVersion: 14.0, appium:udid: emulator-5554, platformName: ANDROID}}]
Capabilities {}
at org.openqa.selenium.remote.ProtocolHandshake.createSession(ProtocolHandshake.java:148)
at io.appium.java_client.remote.AppiumProtocolHandshake.createSession(AppiumProtocolHandshake.java:133)
at io.appium.java_client.remote.AppiumProtocolHandshake.createSession(AppiumProtocolHandshake.java:102)
at io.appium.java_client.remote.AppiumCommandExecutor.createSession(AppiumCommandExecutor.java:194)
at io.appium.java_client.remote.AppiumCommandExecutor.execute(AppiumCommandExecutor.java:262)
at org.openqa.selenium.remote.RemoteWebDriver.execute(RemoteWebDriver.java:541)
at io.appium.java_client.AppiumDriver.startSession$original$1b5voBFE(AppiumDriver.java:229)
at io.appium.java_client.AppiumDriver.startSession$original$1b5voBFE$accessor$PN7BNzfR(AppiumDriver.java)
at io.appium.java_client.AppiumDriver$auxiliary$8bB2X5oo.run(Unknown Source)
at com.zebrunner.agent.core.webdriver.StartSessionInterceptor.onSessionStart(StartSessionInterceptor.java:42)
at io.appium.java_client.AppiumDriver.startSession(AppiumDriver.java)
at org.openqa.selenium.remote.RemoteWebDriver.<init>(RemoteWebDriver.java:157)
at io.appium.java_client.AppiumDriver.<init>(AppiumDriver.java:80)
at io.appium.java_client.AppiumDriver.<init>(AppiumDriver.java:88)
at io.appium.java_client.android.AndroidDriver.<init>(AndroidDriver.java:231)
at com.zebrunner.carina.webdriver.core.factory.impl.MobileFactory.create(MobileFactory.java:125)
at com.zebrunner.carina.webdriver.core.factory.DriverFactory.create(DriverFactory.java:87)
at com.zebrunner.carina.webdriver.IDriverPool.createDriver(IDriverPool.java:364)
at com.zebrunner.carina.webdriver.IDriverPool.getDriver(IDriverPool.java:117)
at com.zebrunner.carina.webdriver.IDriverPool.getDriver(IDriverPool.java:80)
at com.zebrunner.carina.webdriver.IDriverPool.getDriver(IDriverPool.java:68)
at com.solvd.automation.gui.mobile.MobileCarinaDemoTest.login(MobileCarinaDemoTest.java:51)
at com.solvd.automation.gui.mobile.MobileCarinaDemoTest.uiElementsPageTest(MobileCarinaDemoTest.java:26)
at java.base/java.util.concurrent.ThreadPoolExecutor.runWorker(ThreadPoolExecutor.java:1128)
at java.base/java.util.concurrent.ThreadPoolExecutor$Worker.run(ThreadPoolExecutor.java:628)
at java.base/java.lang.Thread.run(Thread.java:829)
... Removed 16 stack frames]]>
    </failure>
  </testcase> <!-- uiElementsPageTest -->
</testsuite> <!-- Carina Demo Tests -->
