<?xml version="1.0" encoding="UTF-8"?>
<testsuite xmlns:xsi="http://www.w3.org/2001/XMLSchema-instance" xsi:noNamespaceSchemaLocation="https://maven.apache.org/surefire/maven-surefire-plugin/xsd/surefire-test-report-3.0.xsd" version="3.0" name="TestSuite" time="19.159" tests="5" errors="0" skipped="0" failures="0">
  <properties>
[...]
</properties>
  <testcase name="validateWrongLoginAttemptTest[charlie, secret](1)" classname="com.solvd.automation.gui.WebGithubTest" time="6.739">
    <system-out><![CDATA[2024-02-08 16:24:58 CarinaListener [main] [INFO] 
=========== WebDriver configuration ===========
url=https://github.com
selenium_url=http://localhost:4444/wd/hub
-------------- Driver capabilities ------------
browserName=chrome
===============================================

2024-02-08 16:24:58 TestRunRegistrar [main-1] [WARN] Reporting disabled: using no op test run registrar
2024-02-08 16:25:01 CarinaListener [main-1] [INFO] Use thread-count='3' from suite file.
2024-02-08 16:25:01 CarinaListener [main-1] [INFO] Set data-provider-thread-count=1
2024-02-08 16:25:01 CarinaListener [main-1] [INFO] CARINA_CORE_VERSION: 1.1.3
2024-02-08 16:25:01 TestRunRegistrar [TestNG-test=Github Tests-1] [WARN] Reporting disabled: using no op test run registrar
2024-02-08 16:25:01 Messager [TestNG-test=Github Tests-1-21] [INFO] TEST [Github Tests - validateWrongLoginAttemptTest [L01]] STARTED at [16:25:01 2024-02-08]
2024-02-08 16:25:01 TestRunRegistrar [TestNG-test=Github Tests-2] [WARN] Reporting disabled: using no op test run registrar
2024-02-08 16:25:01 Messager [TestNG-test=Github Tests-2-22] [INFO] TEST [Github Tests - verifyRegisterProcessTest] STARTED at [16:25:01 2024-02-08]
2024-02-08 16:25:01 TestRunRegistrar [TestNG-test=Github Tests-3] [WARN] Reporting disabled: using no op test run registrar
2024-02-08 16:25:01 Messager [TestNG-test=Github Tests-3-23] [INFO] TEST [Github Tests - verifySearchResultsTest] STARTED at [16:25:01 2024-02-08]
2024-02-08 16:25:01 DriverFactory [TestNG-test=Github Tests-3-23] [INFO] Starting driver session...
2024-02-08 16:25:01 DriverFactory [TestNG-test=Github Tests-1-21] [INFO] Starting driver session...
2024-02-08 16:25:01 DriverFactory [TestNG-test=Github Tests-2-22] [INFO] Starting driver session...
2024-02-08 16:25:03 DriverFactory [TestNG-test=Github Tests-3-23] [INFO] Driver session started.
2024-02-08 16:25:03 DriverFactory [TestNG-test=Github Tests-1-21] [INFO] Driver session started.
2024-02-08 16:25:03 DriverFactory [TestNG-test=Github Tests-2-22] [INFO] Driver session started.
2024-02-08 16:25:03 Messager [TestNG-test=Github Tests-1-21] [INFO] INFO: opening url 'https://github.com'
2024-02-08 16:25:03 Messager [TestNG-test=Github Tests-3-23] [INFO] INFO: opening url 'https://github.com'
2024-02-08 16:25:03 Messager [TestNG-test=Github Tests-2-22] [INFO] INFO: opening url 'https://github.com'
2024-02-08 16:25:06 DriverListener [TestNG-test=Github Tests-3-23] [INFO] PASS: element 'showSearchPopUpButton' is clicked.
2024-02-08 16:25:06 DriverListener [TestNG-test=Github Tests-2-22] [INFO] PASS: element 'signUpButton' is clicked.
2024-02-08 16:25:06 DriverListener [TestNG-test=Github Tests-1-21] [INFO] PASS: element 'signInButton' is clicked.
2024-02-08 16:25:06 DriverListener [TestNG-test=Github Tests-3-23] [INFO] PASS: keys 'carina-demo' are sent to element 'searchInput'.
2024-02-08 16:25:07 DriverListener [TestNG-test=Github Tests-1-21] [INFO] PASS: keys 'charlie' are sent to element 'usernameInput'.
2024-02-08 16:25:07 DriverListener [TestNG-test=Github Tests-1-21] [INFO] PASS: keys 'secret' are sent to element 'passwordInput'.
2024-02-08 16:25:07 DriverListener [TestNG-test=Github Tests-3-23] [INFO] PASS: element 'resultSearchOption' is clicked.
2024-02-08 16:25:07 DriverListener [TestNG-test=Github Tests-1-21] [INFO] PASS: element 'signInButton' is clicked.
2024-02-08 16:25:08 Messager [TestNG-test=Github Tests-1-21] [INFO] TEST [Github Tests - validateWrongLoginAttemptTest [L01]] PASSED at [16:25:08 2024-02-08]
]]></system-out>
  </testcase>
  <testcase name="validateWrongLoginAttemptTest[louis333, githubpass](2)" classname="com.solvd.automation.gui.WebGithubTest" time="4.455">
    <system-out><![CDATA[2024-02-08 16:25:08 Messager [TestNG-test=Github Tests-1-21] [INFO] TEST [Github Tests - validateWrongLoginAttemptTest [L02]] STARTED at [16:25:08 2024-02-08]
2024-02-08 16:25:08 DriverFactory [TestNG-test=Github Tests-1-21] [INFO] Starting driver session...
2024-02-08 16:25:09 DriverFactory [TestNG-test=Github Tests-1-21] [INFO] Driver session started.
2024-02-08 16:25:09 Messager [TestNG-test=Github Tests-1-21] [INFO] INFO: opening url 'https://github.com'
2024-02-08 16:25:10 DriverListener [TestNG-test=Github Tests-2-22] [INFO] PASS: keys 'nazareno@solvd.com' are sent to element 'emailInput'.
2024-02-08 16:25:11 DriverListener [TestNG-test=Github Tests-1-21] [INFO] PASS: element 'signInButton' is clicked.
2024-02-08 16:25:11 DriverListener [TestNG-test=Github Tests-2-22] [INFO] PASS: element 'emailContinueButton' is clicked.
2024-02-08 16:25:11 ExtendedWebElement [TestNG-test=Github Tests-2-22] [INFO] Element button is not detected, i.e. disappeared
2024-02-08 16:25:11 DriverListener [TestNG-test=Github Tests-2-22] [INFO] PASS: keys 'password123NA' are sent to element 'passwordInput'.
2024-02-08 16:25:11 DriverListener [TestNG-test=Github Tests-1-21] [INFO] PASS: keys 'louis333' are sent to element 'usernameInput'.
2024-02-08 16:25:12 DriverListener [TestNG-test=Github Tests-1-21] [INFO] PASS: keys 'githubpass' are sent to element 'passwordInput'.
2024-02-08 16:25:12 DriverListener [TestNG-test=Github Tests-2-22] [INFO] PASS: element 'passwordContinueButton' is clicked.
2024-02-08 16:25:12 ExtendedWebElement [TestNG-test=Github Tests-2-22] [INFO] Element button is not detected, i.e. disappeared
2024-02-08 16:25:12 DriverListener [TestNG-test=Github Tests-2-22] [INFO] PASS: keys 'nazarenoghub' are sent to element 'usernameInput'.
2024-02-08 16:25:12 DriverListener [TestNG-test=Github Tests-1-21] [INFO] PASS: element 'signInButton' is clicked.
2024-02-08 16:25:12 Messager [TestNG-test=Github Tests-1-21] [INFO] TEST [Github Tests - validateWrongLoginAttemptTest [L02]] PASSED at [16:25:12 2024-02-08]
]]></system-out>
  </testcase>
  <testcase name="verifySearchResultsTest" classname="com.solvd.automation.gui.WebGithubTest" time="0.043">
    <system-out><![CDATA[2024-02-08 16:25:12 Messager [TestNG-test=Github Tests-1-21] [INFO] TEST [Github Tests - validateWrongLoginAttemptTest [L03]] STARTED at [16:25:12 2024-02-08]
2024-02-08 16:25:12 DriverFactory [TestNG-test=Github Tests-1-21] [INFO] Starting driver session...
2024-02-08 16:25:12 Messager [TestNG-test=Github Tests-3-23] [INFO] TEST [Github Tests - verifySearchResultsTest] PASSED at [16:25:12 2024-02-08]
]]></system-out>
  </testcase>
  <testcase name="verifyRegisterProcessTest" classname="com.solvd.automation.gui.WebGithubTest" time="0.992">
    <system-out><![CDATA[2024-02-08 16:25:13 DriverListener [TestNG-test=Github Tests-2-22] [INFO] PASS: element 'usernameContinueButton' is clicked.
2024-02-08 16:25:13 ExtendedWebElement [TestNG-test=Github Tests-2-22] [INFO] Element button is not detected, i.e. disappeared
2024-02-08 16:25:13 DriverFactory [TestNG-test=Github Tests-1-21] [INFO] Driver session started.
2024-02-08 16:25:13 Messager [TestNG-test=Github Tests-1-21] [INFO] INFO: opening url 'https://github.com'
2024-02-08 16:25:13 DriverListener [TestNG-test=Github Tests-2-22] [INFO] PASS: element 'emailPreferencesContinueButton' is clicked.
2024-02-08 16:25:13 ExtendedWebElement [TestNG-test=Github Tests-2-22] [INFO] Element button is not detected, i.e. disappeared
2024-02-08 16:25:13 Messager [TestNG-test=Github Tests-2-22] [INFO] TEST [Github Tests - verifyRegisterProcessTest] PASSED at [16:25:13 2024-02-08]
]]></system-out>
  </testcase>
  <testcase name="validateWrongLoginAttemptTest[johndoe, 487392421](3)" classname="com.solvd.automation.gui.WebGithubTest" time="4.067">
    <system-out><![CDATA[2024-02-08 16:25:15 DriverListener [TestNG-test=Github Tests-1-21] [INFO] PASS: element 'signInButton' is clicked.
2024-02-08 16:25:15 DriverListener [TestNG-test=Github Tests-1-21] [INFO] PASS: keys 'johndoe' are sent to element 'usernameInput'.
2024-02-08 16:25:16 DriverListener [TestNG-test=Github Tests-1-21] [INFO] PASS: keys '487392421' are sent to element 'passwordInput'.
2024-02-08 16:25:16 DriverListener [TestNG-test=Github Tests-1-21] [INFO] PASS: element 'signInButton' is clicked.
2024-02-08 16:25:16 Messager [TestNG-test=Github Tests-1-21] [INFO] TEST [Github Tests - validateWrongLoginAttemptTest [L03]] PASSED at [16:25:16 2024-02-08]
]]></system-out>
  </testcase>
</testsuite>