<?xml version="1.0" encoding="UTF-8"?>
<testng-results ignored="0" total="5" passed="5" failed="0" skipped="0">
  <reporter-output>
  </reporter-output>
  <suite started-at="2024-02-08T16:25:01 ART" name="Github Automated Tests" finished-at="2024-02-08T16:25:16 ART" duration-ms="15578">
    <groups>
    </groups>
    <test started-at="2024-02-08T16:25:01 ART" name="Github Tests" finished-at="2024-02-08T16:25:16 ART" duration-ms="15578">
      <class name="com.solvd.automation.gui.WebGithubTest">
        <test-method signature="validateWrongLoginAttemptTest(java.lang.String,java.lang.String)[pri:0, instance:com.solvd.automation.gui.WebGithubTest@73299197]" started-at="2024-02-08T16:25:01 ART" name="validateWrongLoginAttemptTest" data-provider="loginData" finished-at="2024-02-08T16:25:08 ART" duration-ms="6680" status="PASS">
          <params>
            <param index="0">
              <value>
                <![CDATA[charlie]]>
              </value>
            </param>
            <param index="1">
              <value>
                <![CDATA[secret]]>
              </value>
            </param>
          </params>
          <reporter-output>
          </reporter-output>
        </test-method> <!-- validateWrongLoginAttemptTest -->
        <test-method signature="verifyRegisterProcessTest()[pri:0, instance:com.solvd.automation.gui.WebGithubTest@73299197]" started-at="2024-02-08T16:25:01 ART" name="verifyRegisterProcessTest" finished-at="2024-02-08T16:25:13 ART" duration-ms="12366" status="PASS">
          <reporter-output>
          </reporter-output>
        </test-method> <!-- verifyRegisterProcessTest -->
        <test-method signature="verifySearchResultsTest()[pri:0, instance:com.solvd.automation.gui.WebGithubTest@73299197]" started-at="2024-02-08T16:25:01 ART" name="verifySearchResultsTest" finished-at="2024-02-08T16:25:12 ART" duration-ms="11416" status="PASS">
          <reporter-output>
          </reporter-output>
        </test-method> <!-- verifySearchResultsTest -->
        <test-method is-config="true" signature="onCarinaAfterMethod()[pri:0, instance:com.solvd.automation.gui.WebGithubTest@73299197]" started-at="2024-02-08T16:25:08 ART" name="onCarinaAfterMethod" finished-at="2024-02-08T16:25:08 ART" duration-ms="5" status="PASS">
          <reporter-output>
          </reporter-output>
        </test-method> <!-- onCarinaAfterMethod -->
        <test-method signature="validateWrongLoginAttemptTest(java.lang.String,java.lang.String)[pri:0, instance:com.solvd.automation.gui.WebGithubTest@73299197]" started-at="2024-02-08T16:25:08 ART" name="validateWrongLoginAttemptTest" data-provider="loginData" finished-at="2024-02-08T16:25:12 ART" duration-ms="4455" status="PASS">
          <params>
            <param index="0">
              <value>
                <![CDATA[louis333]]>
              </value>
            </param>
            <param index="1">
              <value>
                <![CDATA[githubpass]]>
              </value>
            </param>
          </params>
          <reporter-output>
          </reporter-output>
        </test-method> <!-- validateWrongLoginAttemptTest -->
        <test-method is-config="true" signature="onCarinaAfterMethod()[pri:0, instance:com.solvd.automation.gui.WebGithubTest@73299197]" started-at="2024-02-08T16:25:12 ART" name="onCarinaAfterMethod" finished-at="2024-02-08T16:25:12 ART" duration-ms="0" status="PASS">
          <reporter-output>
          </reporter-output>
        </test-method> <!-- onCarinaAfterMethod -->
        <test-method signature="validateWrongLoginAttemptTest(java.lang.String,java.lang.String)[pri:0, instance:com.solvd.automation.gui.WebGithubTest@73299197]" started-at="2024-02-08T16:25:12 ART" name="validateWrongLoginAttemptTest" data-provider="loginData" finished-at="2024-02-08T16:25:16 ART" duration-ms="4064" status="PASS">
          <params>
            <param index="0">
              <value>
                <![CDATA[johndoe]]>
              </value>
            </param>
            <param index="1">
              <value>
                <![CDATA[487392421]]>
              </value>
            </param>
          </params>
          <reporter-output>
          </reporter-output>
        </test-method> <!-- validateWrongLoginAttemptTest -->
        <test-method is-config="true" signature="onCarinaAfterMethod()[pri:0, instance:com.solvd.automation.gui.WebGithubTest@73299197]" started-at="2024-02-08T16:25:12 ART" name="onCarinaAfterMethod" finished-at="2024-02-08T16:25:12 ART" duration-ms="2" status="PASS">
          <reporter-output>
          </reporter-output>
        </test-method> <!-- onCarinaAfterMethod -->
        <test-method is-config="true" signature="onCarinaAfterMethod()[pri:0, instance:com.solvd.automation.gui.WebGithubTest@73299197]" started-at="2024-02-08T16:25:13 ART" name="onCarinaAfterMethod" finished-at="2024-02-08T16:25:13 ART" duration-ms="1" status="PASS">
          <reporter-output>
          </reporter-output>
        </test-method> <!-- onCarinaAfterMethod -->
        <test-method is-config="true" signature="onCarinaAfterMethod()[pri:0, instance:com.solvd.automation.gui.WebGithubTest@73299197]" started-at="2024-02-08T16:25:16 ART" name="onCarinaAfterMethod" finished-at="2024-02-08T16:25:16 ART" duration-ms="1" status="PASS">
          <reporter-output>
          </reporter-output>
        </test-method> <!-- onCarinaAfterMethod -->
      </class> <!-- com.solvd.automation.gui.WebGithubTest -->
    </test> <!-- Github Tests -->
  </suite> <!-- Github Automated Tests -->
</testng-results>
